[0;32m[2025-07-23 00:46:33][0m Starting libvirt and Cockpit VM setup...
[0;32m[2025-07-23 00:46:33][0m Checking system requirements...
[0;32m[2025-07-23 00:46:33][0m System requirements check passed
[0;32m[2025-07-23 00:46:33][0m Installing libvirt and related packages...
[0;32m[2025-07-23 00:46:55][0m Starting libvirt and Cockpit VM setup...
[0;32m[2025-07-23 00:46:55][0m Checking system requirements...
[0;32m[2025-07-23 00:46:55][0m System requirements check passed
[0;32m[2025-07-23 00:46:55][0m Installing libvirt and related packages...
[0;32m[2025-07-23 00:47:43][0m Package installation completed
[0;32m[2025-07-23 00:47:43][0m Setting up user permissions for libvirt...
[0;32m[2025-07-23 00:47:43][0m User dave added to libvirt group
[1;33m[WARNING][0m You'll need to log out and log back in for group changes to take effect
[0;32m[2025-07-23 00:47:43][0m Configuring libvirt daemon...
[0;32m[2025-07-23 00:47:44][0m Libvirt daemon configuration completed
[0;32m[2025-07-23 00:47:44][0m Setting up default virtual network...
[0;32m[2025-07-23 00:47:49][0m Default network configuration completed
[0;32m[2025-07-23 00:47:49][0m Setting up storage pools...
[0;32m[2025-07-23 00:47:50][0m Storage pool configuration completed
[0;32m[2025-07-23 00:47:50][0m Verifying Cockpit virtual machine integration...
[0;32m[2025-07-23 00:47:50][0m Cockpit integration verified
[0;32m[2025-07-23 00:47:50][0m Configuring firewall for virtual machines...
